2025-08-04 23:25:26,045 - INFO - Advanced fusion model loaded successfully
2025-08-04 23:25:26,693 - INFO - Basic analyzer loaded successfully
2025-08-04 23:25:26,693 - INFO - Phishing Detection Server started on 0.0.0.0:5000
2025-08-04 23:25:26,693 - INFO - Maximum connections: 10
2025-08-04 23:27:59,125 - INFO - New connection from ('127.0.0.1', 58416)
2025-08-04 23:28:26,697 - INFO - Stats - Requests: 1, Success Rate: 100.0%, Active Connections: 1, Uptime: 0:03:00.003163
2025-08-04 23:29:26,697 - INFO - Stats - Requests: 3, Success Rate: 100.0%, Active Connections: 1, Uptime: 0:04:00.003997
2025-08-04 23:30:26,698 - INFO - Stats - Requests: 3, Success Rate: 100.0%, Active Connections: 1, Uptime: 0:05:00.004829
2025-08-04 23:31:26,700 - INFO - Stats - Requests: 3, Success Rate: 100.0%, Active Connections: 1, Uptime: 0:06:00.006278
2025-08-04 23:32:26,701 - INFO - Stats - Requests: 3, Success Rate: 100.0%, Active Connections: 1, Uptime: 0:07:00.007070
2025-08-04 23:33:26,701 - INFO - Stats - Requests: 3, Success Rate: 100.0%, Active Connections: 1, Uptime: 0:08:00.007772
2025-08-04 23:34:26,702 - INFO - Stats - Requests: 3, Success Rate: 100.0%, Active Connections: 1, Uptime: 0:09:00.008801
2025-08-04 23:35:26,703 - INFO - Stats - Requests: 3, Success Rate: 100.0%, Active Connections: 1, Uptime: 0:10:00.009691
2025-08-04 23:36:26,704 - INFO - Stats - Requests: 3, Success Rate: 100.0%, Active Connections: 1, Uptime: 0:11:00.010351
2025-08-04 23:37:26,704 - INFO - Stats - Requests: 3, Success Rate: 100.0%, Active Connections: 1, Uptime: 0:12:00.010987
2025-08-04 23:38:26,705 - INFO - Stats - Requests: 3, Success Rate: 100.0%, Active Connections: 1, Uptime: 0:13:00.011537
2025-08-04 23:39:26,706 - INFO - Stats - Requests: 3, Success Rate: 100.0%, Active Connections: 1, Uptime: 0:14:00.012470
2025-08-04 23:40:26,706 - INFO - Stats - Requests: 3, Success Rate: 100.0%, Active Connections: 1, Uptime: 0:15:00.012920
2025-08-07 13:46:33,451 - INFO - Advanced fusion model loaded successfully
2025-08-07 13:46:34,222 - INFO - Basic analyzer loaded successfully
2025-08-07 13:46:34,223 - INFO - Phishing Detection Server started on 0.0.0.0:5000
2025-08-07 13:46:34,223 - INFO - Maximum connections: 10
2025-08-07 13:47:18,924 - INFO - New connection from ('127.0.0.1', 56690)
2025-08-07 13:48:34,224 - INFO - Stats - Requests: 1, Success Rate: 100.0%, Active Connections: 1, Uptime: 0:02:00.002631
2025-08-07 13:49:34,226 - INFO - Stats - Requests: 2, Success Rate: 100.0%, Active Connections: 1, Uptime: 0:03:00.004006
2025-08-07 13:50:34,227 - INFO - Stats - Requests: 2, Success Rate: 100.0%, Active Connections: 1, Uptime: 0:04:00.004995
2025-08-07 13:51:34,228 - INFO - Stats - Requests: 2, Success Rate: 100.0%, Active Connections: 1, Uptime: 0:05:00.005766
2025-08-07 13:52:34,229 - INFO - Stats - Requests: 2, Success Rate: 100.0%, Active Connections: 1, Uptime: 0:06:00.007056
2025-08-07 13:53:34,230 - INFO - Stats - Requests: 2, Success Rate: 100.0%, Active Connections: 1, Uptime: 0:07:00.008513
2025-08-07 13:54:34,232 - INFO - Stats - Requests: 2, Success Rate: 100.0%, Active Connections: 1, Uptime: 0:08:00.010318
2025-08-07 13:55:34,223 - ERROR - Error handling client ('127.0.0.1', 56690): [WinError 10054] An existing connection was forcibly closed by the remote host
2025-08-07 13:55:34,224 - INFO - Connection closed for ('127.0.0.1', 56690)
2025-08-07 13:55:34,233 - INFO - Stats - Requests: 2, Success Rate: 100.0%, Active Connections: 0, Uptime: 0:09:00.011079
2025-08-10 15:54:31,880 - INFO - Advanced fusion artifact loaded successfully
2025-08-10 15:54:32,450 - INFO - Basic analyzer loaded successfully
2025-08-10 15:54:32,451 - INFO - Phishing Detection Server started on 0.0.0.0:5000
2025-08-10 15:54:32,451 - INFO - Maximum connections: 10
2025-08-10 15:54:54,784 - INFO - New connection from ('127.0.0.1', 53595)
2025-08-10 15:55:32,453 - INFO - Stats - Requests: 1, Success Rate: 100.0%, Active Connections: 1, Uptime: 0:01:00.001849
2025-08-10 15:56:32,454 - INFO - Stats - Requests: 1, Success Rate: 100.0%, Active Connections: 1, Uptime: 0:02:00.002949
2025-08-10 15:57:32,455 - INFO - Stats - Requests: 2, Success Rate: 100.0%, Active Connections: 1, Uptime: 0:03:00.004598
2025-08-10 15:58:32,456 - INFO - Stats - Requests: 2, Success Rate: 100.0%, Active Connections: 1, Uptime: 0:04:00.005559
2025-08-10 15:59:32,457 - INFO - Stats - Requests: 2, Success Rate: 100.0%, Active Connections: 1, Uptime: 0:05:00.006320
2025-08-10 16:00:32,458 - INFO - Stats - Requests: 2, Success Rate: 100.0%, Active Connections: 1, Uptime: 0:06:00.007228
2025-08-10 16:01:32,459 - INFO - Stats - Requests: 2, Success Rate: 100.0%, Active Connections: 1, Uptime: 0:07:00.007659
2025-08-10 16:02:32,459 - INFO - Stats - Requests: 2, Success Rate: 100.0%, Active Connections: 1, Uptime: 0:08:00.008141
2025-08-10 16:03:32,459 - INFO - Stats - Requests: 2, Success Rate: 100.0%, Active Connections: 1, Uptime: 0:09:00.008564
2025-08-10 16:04:32,460 - INFO - Stats - Requests: 2, Success Rate: 100.0%, Active Connections: 1, Uptime: 0:10:00.009388
2025-08-10 16:05:32,461 - INFO - Stats - Requests: 2, Success Rate: 100.0%, Active Connections: 1, Uptime: 0:11:00.010299
2025-08-10 16:06:32,462 - INFO - Stats - Requests: 2, Success Rate: 100.0%, Active Connections: 1, Uptime: 0:12:00.011424
2025-08-10 16:07:32,464 - INFO - Stats - Requests: 2, Success Rate: 100.0%, Active Connections: 1, Uptime: 0:13:00.012612
2025-08-10 16:08:32,464 - INFO - Stats - Requests: 2, Success Rate: 100.0%, Active Connections: 1, Uptime: 0:14:00.013293
2025-08-10 16:09:32,465 - INFO - Stats - Requests: 2, Success Rate: 100.0%, Active Connections: 1, Uptime: 0:15:00.014055
2025-08-10 16:10:32,466 - INFO - Stats - Requests: 2, Success Rate: 100.0%, Active Connections: 1, Uptime: 0:16:00.015147
2025-08-10 16:11:32,467 - INFO - Stats - Requests: 2, Success Rate: 100.0%, Active Connections: 1, Uptime: 0:17:00.015934
2025-08-10 16:12:32,467 - INFO - Stats - Requests: 2, Success Rate: 100.0%, Active Connections: 1, Uptime: 0:18:00.016456
2025-08-10 16:13:32,468 - INFO - Stats - Requests: 2, Success Rate: 100.0%, Active Connections: 1, Uptime: 0:19:00.017160
2025-08-10 16:14:32,469 - INFO - Stats - Requests: 2, Success Rate: 100.0%, Active Connections: 1, Uptime: 0:20:00.018329
2025-08-10 16:15:32,470 - INFO - Stats - Requests: 2, Success Rate: 100.0%, Active Connections: 1, Uptime: 0:21:00.019341
2025-08-10 16:16:32,472 - INFO - Stats - Requests: 2, Success Rate: 100.0%, Active Connections: 1, Uptime: 0:22:00.020809
2025-08-10 16:17:32,473 - INFO - Stats - Requests: 2, Success Rate: 100.0%, Active Connections: 1, Uptime: 0:23:00.021960
2025-08-10 16:18:32,474 - INFO - Stats - Requests: 2, Success Rate: 100.0%, Active Connections: 1, Uptime: 0:24:00.023030
2025-08-10 16:19:32,475 - INFO - Stats - Requests: 2, Success Rate: 100.0%, Active Connections: 1, Uptime: 0:25:00.024080
2025-08-10 16:20:32,476 - INFO - Stats - Requests: 2, Success Rate: 100.0%, Active Connections: 1, Uptime: 0:26:00.025031
2025-08-10 16:21:32,477 - INFO - Stats - Requests: 2, Success Rate: 100.0%, Active Connections: 1, Uptime: 0:27:00.026202
2025-08-10 16:22:32,478 - INFO - Stats - Requests: 2, Success Rate: 100.0%, Active Connections: 1, Uptime: 0:28:00.027208
2025-08-10 16:23:32,479 - INFO - Stats - Requests: 2, Success Rate: 100.0%, Active Connections: 1, Uptime: 0:29:00.028286
2025-08-10 16:24:32,480 - INFO - Stats - Requests: 2, Success Rate: 100.0%, Active Connections: 1, Uptime: 0:30:00.029295
2025-08-10 16:25:32,481 - INFO - Stats - Requests: 2, Success Rate: 100.0%, Active Connections: 1, Uptime: 0:31:00.030068
2025-08-10 16:26:32,482 - INFO - Stats - Requests: 2, Success Rate: 100.0%, Active Connections: 1, Uptime: 0:32:00.031057
2025-08-10 16:27:32,483 - INFO - Stats - Requests: 2, Success Rate: 100.0%, Active Connections: 1, Uptime: 0:33:00.031725
2025-08-10 16:28:32,484 - INFO - Stats - Requests: 2, Success Rate: 100.0%, Active Connections: 1, Uptime: 0:34:00.032778
2025-08-10 16:29:32,485 - INFO - Stats - Requests: 2, Success Rate: 100.0%, Active Connections: 1, Uptime: 0:35:00.033635
2025-08-10 16:30:32,577 - INFO - Stats - Requests: 2, Success Rate: 100.0%, Active Connections: 1, Uptime: 0:36:00.126274
2025-08-10 16:31:32,578 - INFO - Stats - Requests: 2, Success Rate: 100.0%, Active Connections: 1, Uptime: 0:37:00.127191
2025-08-10 16:32:32,579 - INFO - Stats - Requests: 2, Success Rate: 100.0%, Active Connections: 1, Uptime: 0:38:00.128165
2025-08-10 16:33:32,580 - INFO - Stats - Requests: 2, Success Rate: 100.0%, Active Connections: 1, Uptime: 0:39:00.129314
2025-08-10 16:34:32,581 - INFO - Stats - Requests: 2, Success Rate: 100.0%, Active Connections: 1, Uptime: 0:40:00.129760
2025-08-10 16:35:32,582 - INFO - Stats - Requests: 2, Success Rate: 100.0%, Active Connections: 1, Uptime: 0:41:00.131010
2025-08-10 16:36:32,582 - INFO - Stats - Requests: 2, Success Rate: 100.0%, Active Connections: 1, Uptime: 0:42:00.131595
2025-08-10 16:37:32,583 - INFO - Stats - Requests: 2, Success Rate: 100.0%, Active Connections: 1, Uptime: 0:43:00.132229
2025-08-10 16:38:32,584 - INFO - Stats - Requests: 2, Success Rate: 100.0%, Active Connections: 1, Uptime: 0:44:00.132786
2025-08-10 16:39:32,585 - INFO - Stats - Requests: 2, Success Rate: 100.0%, Active Connections: 1, Uptime: 0:45:00.134216
2025-08-10 16:40:32,586 - INFO - Stats - Requests: 2, Success Rate: 100.0%, Active Connections: 1, Uptime: 0:46:00.135357
2025-08-10 16:41:32,587 - INFO - Stats - Requests: 2, Success Rate: 100.0%, Active Connections: 1, Uptime: 0:47:00.136255
2025-08-10 16:42:32,588 - INFO - Stats - Requests: 2, Success Rate: 100.0%, Active Connections: 1, Uptime: 0:48:00.137522
2025-08-10 16:43:32,589 - INFO - Stats - Requests: 2, Success Rate: 100.0%, Active Connections: 1, Uptime: 0:49:00.138491
2025-08-10 16:44:32,591 - INFO - Stats - Requests: 2, Success Rate: 100.0%, Active Connections: 1, Uptime: 0:50:00.139681
2025-08-10 16:45:32,592 - INFO - Stats - Requests: 2, Success Rate: 100.0%, Active Connections: 1, Uptime: 0:51:00.141369
2025-08-10 16:46:32,594 - INFO - Stats - Requests: 2, Success Rate: 100.0%, Active Connections: 1, Uptime: 0:52:00.142640
2025-08-10 16:47:32,595 - INFO - Stats - Requests: 2, Success Rate: 100.0%, Active Connections: 1, Uptime: 0:53:00.143657
2025-08-10 16:48:32,597 - INFO - Stats - Requests: 2, Success Rate: 100.0%, Active Connections: 1, Uptime: 0:54:00.145687
2025-08-10 16:49:32,597 - INFO - Stats - Requests: 2, Success Rate: 100.0%, Active Connections: 1, Uptime: 0:55:00.146508
2025-08-10 16:50:32,599 - INFO - Stats - Requests: 2, Success Rate: 100.0%, Active Connections: 1, Uptime: 0:56:00.147886
2025-08-10 16:51:32,600 - INFO - Stats - Requests: 2, Success Rate: 100.0%, Active Connections: 1, Uptime: 0:57:00.149064
2025-08-10 16:52:32,601 - INFO - Stats - Requests: 2, Success Rate: 100.0%, Active Connections: 1, Uptime: 0:58:00.149741
2025-08-10 16:53:32,602 - INFO - Stats - Requests: 2, Success Rate: 100.0%, Active Connections: 1, Uptime: 0:59:00.150641
2025-08-10 16:54:32,603 - INFO - Stats - Requests: 2, Success Rate: 100.0%, Active Connections: 1, Uptime: 1:00:00.151610
2025-08-10 16:55:32,604 - INFO - Stats - Requests: 2, Success Rate: 100.0%, Active Connections: 1, Uptime: 1:01:00.153194
2025-08-10 16:56:32,605 - INFO - Stats - Requests: 2, Success Rate: 100.0%, Active Connections: 1, Uptime: 1:02:00.154131
2025-08-10 16:57:32,607 - INFO - Stats - Requests: 2, Success Rate: 100.0%, Active Connections: 1, Uptime: 1:03:00.155703
2025-08-10 16:58:32,608 - INFO - Stats - Requests: 2, Success Rate: 100.0%, Active Connections: 1, Uptime: 1:04:00.157156
2025-08-10 16:59:32,609 - INFO - Stats - Requests: 2, Success Rate: 100.0%, Active Connections: 1, Uptime: 1:05:00.158324
2025-08-10 17:00:32,611 - INFO - Stats - Requests: 2, Success Rate: 100.0%, Active Connections: 1, Uptime: 1:06:00.159599
2025-08-10 17:01:32,612 - INFO - Stats - Requests: 2, Success Rate: 100.0%, Active Connections: 1, Uptime: 1:07:00.160963
2025-08-10 17:02:32,613 - INFO - Stats - Requests: 2, Success Rate: 100.0%, Active Connections: 1, Uptime: 1:08:00.161616
2025-08-10 17:03:32,613 - INFO - Stats - Requests: 2, Success Rate: 100.0%, Active Connections: 1, Uptime: 1:09:00.162346
2025-08-10 17:04:32,615 - INFO - Stats - Requests: 2, Success Rate: 100.0%, Active Connections: 1, Uptime: 1:10:00.163675
2025-08-10 17:05:32,616 - INFO - Stats - Requests: 2, Success Rate: 100.0%, Active Connections: 1, Uptime: 1:11:00.165377
2025-08-10 17:06:32,618 - INFO - Stats - Requests: 2, Success Rate: 100.0%, Active Connections: 1, Uptime: 1:12:00.166365
2025-08-10 17:07:32,619 - INFO - Stats - Requests: 2, Success Rate: 100.0%, Active Connections: 1, Uptime: 1:13:00.167625
2025-08-10 17:08:32,620 - INFO - Stats - Requests: 2, Success Rate: 100.0%, Active Connections: 1, Uptime: 1:14:00.168848
2025-08-10 17:09:32,621 - INFO - Stats - Requests: 2, Success Rate: 100.0%, Active Connections: 1, Uptime: 1:15:00.170353
2025-08-10 17:10:32,623 - INFO - Stats - Requests: 2, Success Rate: 100.0%, Active Connections: 1, Uptime: 1:16:00.171914
2025-08-10 17:11:32,624 - INFO - Stats - Requests: 2, Success Rate: 100.0%, Active Connections: 1, Uptime: 1:17:00.173352
2025-08-10 17:12:32,626 - INFO - Stats - Requests: 2, Success Rate: 100.0%, Active Connections: 1, Uptime: 1:18:00.174732
2025-08-10 17:13:32,627 - INFO - Stats - Requests: 2, Success Rate: 100.0%, Active Connections: 1, Uptime: 1:19:00.176366
2025-08-10 17:14:32,629 - INFO - Stats - Requests: 2, Success Rate: 100.0%, Active Connections: 1, Uptime: 1:20:00.178311
2025-08-10 17:15:32,631 - INFO - Stats - Requests: 2, Success Rate: 100.0%, Active Connections: 1, Uptime: 1:21:00.180263
2025-08-10 17:16:32,633 - INFO - Stats - Requests: 2, Success Rate: 100.0%, Active Connections: 1, Uptime: 1:22:00.181760
2025-08-10 17:17:32,634 - INFO - Stats - Requests: 2, Success Rate: 100.0%, Active Connections: 1, Uptime: 1:23:00.183095
2025-08-10 17:18:32,635 - INFO - Stats - Requests: 2, Success Rate: 100.0%, Active Connections: 1, Uptime: 1:24:00.184195
2025-08-10 17:19:32,637 - INFO - Stats - Requests: 2, Success Rate: 100.0%, Active Connections: 1, Uptime: 1:25:00.185711
2025-08-10 17:20:32,638 - INFO - Stats - Requests: 2, Success Rate: 100.0%, Active Connections: 1, Uptime: 1:26:00.187259
2025-08-10 17:21:32,640 - INFO - Stats - Requests: 2, Success Rate: 100.0%, Active Connections: 1, Uptime: 1:27:00.188674
2025-08-10 17:22:32,641 - INFO - Stats - Requests: 2, Success Rate: 100.0%, Active Connections: 1, Uptime: 1:28:00.190253
2025-08-10 17:23:32,643 - INFO - Stats - Requests: 2, Success Rate: 100.0%, Active Connections: 1, Uptime: 1:29:00.191838
2025-08-10 17:24:32,645 - INFO - Stats - Requests: 2, Success Rate: 100.0%, Active Connections: 1, Uptime: 1:30:00.193946
2025-08-10 17:25:32,647 - INFO - Stats - Requests: 2, Success Rate: 100.0%, Active Connections: 1, Uptime: 1:31:00.195740
2025-08-10 17:26:32,648 - INFO - Stats - Requests: 2, Success Rate: 100.0%, Active Connections: 1, Uptime: 1:32:00.197131
2025-08-10 17:27:32,649 - INFO - Stats - Requests: 2, Success Rate: 100.0%, Active Connections: 1, Uptime: 1:33:00.198517
2025-08-10 17:28:32,650 - INFO - Stats - Requests: 2, Success Rate: 100.0%, Active Connections: 1, Uptime: 1:34:00.199384
2025-08-10 17:29:32,651 - INFO - Stats - Requests: 2, Success Rate: 100.0%, Active Connections: 1, Uptime: 1:35:00.200175
2025-08-10 17:30:32,652 - INFO - Stats - Requests: 2, Success Rate: 100.0%, Active Connections: 1, Uptime: 1:36:00.200973
2025-08-10 17:31:32,654 - INFO - Stats - Requests: 2, Success Rate: 100.0%, Active Connections: 1, Uptime: 1:37:00.202096
2025-08-10 17:32:32,654 - INFO - Stats - Requests: 2, Success Rate: 100.0%, Active Connections: 1, Uptime: 1:38:00.203344
2025-08-10 17:33:32,656 - INFO - Stats - Requests: 2, Success Rate: 100.0%, Active Connections: 1, Uptime: 1:39:00.204922
2025-08-10 17:34:32,657 - INFO - Stats - Requests: 2, Success Rate: 100.0%, Active Connections: 1, Uptime: 1:40:00.206229
2025-08-10 17:35:32,659 - INFO - Stats - Requests: 2, Success Rate: 100.0%, Active Connections: 1, Uptime: 1:41:00.207715
2025-08-10 17:36:32,660 - INFO - Stats - Requests: 2, Success Rate: 100.0%, Active Connections: 1, Uptime: 1:42:00.209130
2025-08-10 17:37:34,432 - INFO - Stats - Requests: 2, Success Rate: 100.0%, Active Connections: 1, Uptime: 1:43:01.980877
2025-08-10 17:38:34,435 - INFO - Stats - Requests: 2, Success Rate: 100.0%, Active Connections: 1, Uptime: 1:44:01.984315
2025-08-10 17:39:34,437 - INFO - Stats - Requests: 2, Success Rate: 100.0%, Active Connections: 1, Uptime: 1:45:01.985756
2025-08-10 17:40:34,439 - INFO - Stats - Requests: 2, Success Rate: 100.0%, Active Connections: 1, Uptime: 1:46:01.987633
2025-08-10 17:41:34,440 - INFO - Stats - Requests: 2, Success Rate: 100.0%, Active Connections: 1, Uptime: 1:47:01.988959
2025-08-10 17:42:34,441 - INFO - Stats - Requests: 2, Success Rate: 100.0%, Active Connections: 1, Uptime: 1:48:01.989902
2025-08-10 17:43:34,441 - INFO - Stats - Requests: 2, Success Rate: 100.0%, Active Connections: 1, Uptime: 1:49:01.990598
2025-08-10 17:44:34,442 - INFO - Stats - Requests: 2, Success Rate: 100.0%, Active Connections: 1, Uptime: 1:50:01.991296
2025-08-10 17:45:34,443 - INFO - Stats - Requests: 2, Success Rate: 100.0%, Active Connections: 1, Uptime: 1:51:01.992381
2025-08-10 17:46:34,444 - INFO - Stats - Requests: 2, Success Rate: 100.0%, Active Connections: 1, Uptime: 1:52:01.993347
2025-08-10 17:47:34,445 - INFO - Stats - Requests: 2, Success Rate: 100.0%, Active Connections: 1, Uptime: 1:53:01.994440
2025-08-10 17:48:34,446 - INFO - Stats - Requests: 2, Success Rate: 100.0%, Active Connections: 1, Uptime: 1:54:01.995505
2025-08-10 17:49:34,448 - INFO - Stats - Requests: 2, Success Rate: 100.0%, Active Connections: 1, Uptime: 1:55:01.996661
2025-08-10 17:50:34,448 - INFO - Stats - Requests: 2, Success Rate: 100.0%, Active Connections: 1, Uptime: 1:56:01.997467
2025-08-10 17:51:34,449 - INFO - Stats - Requests: 2, Success Rate: 100.0%, Active Connections: 1, Uptime: 1:57:01.998400
2025-08-10 17:52:34,450 - INFO - Stats - Requests: 2, Success Rate: 100.0%, Active Connections: 1, Uptime: 1:58:01.999476
2025-08-10 17:53:34,451 - INFO - Stats - Requests: 2, Success Rate: 100.0%, Active Connections: 1, Uptime: 1:59:02.000357
2025-08-10 17:54:34,452 - INFO - Stats - Requests: 2, Success Rate: 100.0%, Active Connections: 1, Uptime: 2:00:02.001293
2025-08-10 17:55:34,453 - INFO - Stats - Requests: 2, Success Rate: 100.0%, Active Connections: 1, Uptime: 2:01:02.002580
2025-08-10 17:56:34,454 - INFO - Stats - Requests: 2, Success Rate: 100.0%, Active Connections: 1, Uptime: 2:02:02.003433
2025-08-10 17:57:34,455 - INFO - Stats - Requests: 2, Success Rate: 100.0%, Active Connections: 1, Uptime: 2:03:02.004334
2025-08-10 17:58:34,456 - INFO - Stats - Requests: 2, Success Rate: 100.0%, Active Connections: 1, Uptime: 2:04:02.005212
2025-08-10 17:59:34,457 - INFO - Stats - Requests: 2, Success Rate: 100.0%, Active Connections: 1, Uptime: 2:05:02.006010
2025-08-10 18:00:34,458 - INFO - Stats - Requests: 2, Success Rate: 100.0%, Active Connections: 1, Uptime: 2:06:02.006860
2025-08-10 18:01:34,458 - INFO - Stats - Requests: 2, Success Rate: 100.0%, Active Connections: 1, Uptime: 2:07:02.007423
2025-08-10 18:02:34,459 - INFO - Stats - Requests: 2, Success Rate: 100.0%, Active Connections: 1, Uptime: 2:08:02.008207
2025-08-10 18:03:34,460 - INFO - Stats - Requests: 2, Success Rate: 100.0%, Active Connections: 1, Uptime: 2:09:02.008697
2025-08-10 18:04:34,461 - INFO - Stats - Requests: 2, Success Rate: 100.0%, Active Connections: 1, Uptime: 2:10:02.009725
2025-08-10 18:05:34,461 - INFO - Stats - Requests: 2, Success Rate: 100.0%, Active Connections: 1, Uptime: 2:11:02.010341
2025-08-10 18:06:34,462 - INFO - Stats - Requests: 2, Success Rate: 100.0%, Active Connections: 1, Uptime: 2:12:02.011237
2025-08-10 18:07:34,463 - INFO - Stats - Requests: 2, Success Rate: 100.0%, Active Connections: 1, Uptime: 2:13:02.011864
2025-08-10 18:08:34,463 - INFO - Stats - Requests: 2, Success Rate: 100.0%, Active Connections: 1, Uptime: 2:14:02.012434
2025-08-10 18:09:34,464 - INFO - Stats - Requests: 2, Success Rate: 100.0%, Active Connections: 1, Uptime: 2:15:02.013314
2025-08-10 18:10:34,465 - INFO - Stats - Requests: 2, Success Rate: 100.0%, Active Connections: 1, Uptime: 2:16:02.013707
2025-08-10 18:11:34,466 - INFO - Stats - Requests: 2, Success Rate: 100.0%, Active Connections: 1, Uptime: 2:17:02.014721
2025-08-10 18:12:34,466 - INFO - Stats - Requests: 2, Success Rate: 100.0%, Active Connections: 1, Uptime: 2:18:02.015172
2025-08-10 18:13:34,467 - INFO - Stats - Requests: 2, Success Rate: 100.0%, Active Connections: 1, Uptime: 2:19:02.016130
2025-08-10 18:14:34,468 - INFO - Stats - Requests: 2, Success Rate: 100.0%, Active Connections: 1, Uptime: 2:20:02.016650
2025-08-10 18:15:34,468 - INFO - Stats - Requests: 2, Success Rate: 100.0%, Active Connections: 1, Uptime: 2:21:02.017382
2025-08-10 18:16:34,469 - INFO - Stats - Requests: 2, Success Rate: 100.0%, Active Connections: 1, Uptime: 2:22:02.017994
2025-08-10 18:17:34,470 - INFO - Stats - Requests: 2, Success Rate: 100.0%, Active Connections: 1, Uptime: 2:23:02.019007
2025-08-10 18:18:34,471 - INFO - Stats - Requests: 2, Success Rate: 100.0%, Active Connections: 1, Uptime: 2:24:02.019864
2025-08-10 18:19:34,472 - INFO - Stats - Requests: 2, Success Rate: 100.0%, Active Connections: 1, Uptime: 2:25:02.020936
2025-08-10 18:20:34,473 - INFO - Stats - Requests: 2, Success Rate: 100.0%, Active Connections: 1, Uptime: 2:26:02.021899
2025-08-10 18:21:34,473 - INFO - Stats - Requests: 2, Success Rate: 100.0%, Active Connections: 1, Uptime: 2:27:02.022508
2025-08-10 18:22:34,474 - INFO - Stats - Requests: 2, Success Rate: 100.0%, Active Connections: 1, Uptime: 2:28:02.023534
2025-08-10 18:23:34,476 - INFO - Stats - Requests: 2, Success Rate: 100.0%, Active Connections: 1, Uptime: 2:29:02.024718
2025-08-10 18:24:34,476 - INFO - Stats - Requests: 2, Success Rate: 100.0%, Active Connections: 1, Uptime: 2:30:02.025480
2025-08-10 18:25:34,477 - INFO - Stats - Requests: 2, Success Rate: 100.0%, Active Connections: 1, Uptime: 2:31:02.026367
2025-08-10 18:26:34,478 - INFO - Stats - Requests: 2, Success Rate: 100.0%, Active Connections: 1, Uptime: 2:32:02.027135
2025-08-10 18:27:34,479 - INFO - Stats - Requests: 2, Success Rate: 100.0%, Active Connections: 1, Uptime: 2:33:02.027705
2025-08-10 18:28:34,480 - INFO - Stats - Requests: 2, Success Rate: 100.0%, Active Connections: 1, Uptime: 2:34:02.028753
2025-08-10 18:29:34,481 - INFO - Stats - Requests: 2, Success Rate: 100.0%, Active Connections: 1, Uptime: 2:35:02.029834
2025-08-10 18:30:34,482 - INFO - Stats - Requests: 2, Success Rate: 100.0%, Active Connections: 1, Uptime: 2:36:02.030713
2025-08-10 18:31:34,482 - INFO - Stats - Requests: 2, Success Rate: 100.0%, Active Connections: 1, Uptime: 2:37:02.031467
2025-08-10 18:32:34,484 - INFO - Stats - Requests: 2, Success Rate: 100.0%, Active Connections: 1, Uptime: 2:38:02.032892
2025-08-10 18:33:34,485 - INFO - Stats - Requests: 2, Success Rate: 100.0%, Active Connections: 1, Uptime: 2:39:02.033864
2025-08-10 18:34:34,486 - INFO - Stats - Requests: 2, Success Rate: 100.0%, Active Connections: 1, Uptime: 2:40:02.034676
2025-08-10 18:35:34,486 - INFO - Stats - Requests: 2, Success Rate: 100.0%, Active Connections: 1, Uptime: 2:41:02.035544
2025-08-10 18:36:34,487 - INFO - Stats - Requests: 2, Success Rate: 100.0%, Active Connections: 1, Uptime: 2:42:02.036361
2025-08-10 18:37:34,488 - INFO - Stats - Requests: 2, Success Rate: 100.0%, Active Connections: 1, Uptime: 2:43:02.037031
2025-08-10 18:38:34,489 - INFO - Stats - Requests: 2, Success Rate: 100.0%, Active Connections: 1, Uptime: 2:44:02.038044
2025-08-10 18:39:34,490 - INFO - Stats - Requests: 2, Success Rate: 100.0%, Active Connections: 1, Uptime: 2:45:02.039162
2025-08-10 18:40:34,491 - INFO - Stats - Requests: 2, Success Rate: 100.0%, Active Connections: 1, Uptime: 2:46:02.039987
2025-08-10 18:41:34,492 - INFO - Stats - Requests: 2, Success Rate: 100.0%, Active Connections: 1, Uptime: 2:47:02.041210
2025-08-10 18:42:34,493 - INFO - Stats - Requests: 2, Success Rate: 100.0%, Active Connections: 1, Uptime: 2:48:02.041960
2025-08-10 18:43:34,494 - INFO - Stats - Requests: 2, Success Rate: 100.0%, Active Connections: 1, Uptime: 2:49:02.042738
2025-08-10 18:44:34,495 - INFO - Stats - Requests: 2, Success Rate: 100.0%, Active Connections: 1, Uptime: 2:50:02.043895
2025-08-10 18:45:34,495 - INFO - Stats - Requests: 2, Success Rate: 100.0%, Active Connections: 1, Uptime: 2:51:02.044448
2025-08-10 18:46:34,497 - INFO - Stats - Requests: 2, Success Rate: 100.0%, Active Connections: 1, Uptime: 2:52:02.045924
2025-08-10 18:47:34,498 - INFO - Stats - Requests: 2, Success Rate: 100.0%, Active Connections: 1, Uptime: 2:53:02.046862
2025-08-10 18:48:34,499 - INFO - Stats - Requests: 2, Success Rate: 100.0%, Active Connections: 1, Uptime: 2:54:02.048046
2025-08-10 18:49:34,500 - INFO - Stats - Requests: 2, Success Rate: 100.0%, Active Connections: 1, Uptime: 2:55:02.048890
2025-08-10 18:50:34,501 - INFO - Stats - Requests: 2, Success Rate: 100.0%, Active Connections: 1, Uptime: 2:56:02.050133
2025-08-10 18:51:34,502 - INFO - Stats - Requests: 2, Success Rate: 100.0%, Active Connections: 1, Uptime: 2:57:02.051322
2025-08-10 18:52:34,503 - INFO - Stats - Requests: 2, Success Rate: 100.0%, Active Connections: 1, Uptime: 2:58:02.052272
2025-08-10 18:53:34,504 - INFO - Stats - Requests: 2, Success Rate: 100.0%, Active Connections: 1, Uptime: 2:59:02.053031
2025-08-10 18:54:34,505 - INFO - Stats - Requests: 2, Success Rate: 100.0%, Active Connections: 1, Uptime: 3:00:02.053929
2025-08-10 18:55:34,506 - INFO - Stats - Requests: 2, Success Rate: 100.0%, Active Connections: 1, Uptime: 3:01:02.054859
2025-08-10 18:56:34,507 - INFO - Stats - Requests: 2, Success Rate: 100.0%, Active Connections: 1, Uptime: 3:02:02.055671
2025-08-10 18:57:34,507 - INFO - Stats - Requests: 2, Success Rate: 100.0%, Active Connections: 1, Uptime: 3:03:02.056190
2025-08-10 18:58:34,508 - INFO - Stats - Requests: 2, Success Rate: 100.0%, Active Connections: 1, Uptime: 3:04:02.057423
2025-08-10 18:59:34,509 - INFO - Stats - Requests: 2, Success Rate: 100.0%, Active Connections: 1, Uptime: 3:05:02.058239
2025-08-10 19:00:34,510 - INFO - Stats - Requests: 2, Success Rate: 100.0%, Active Connections: 1, Uptime: 3:06:02.059334
2025-08-10 19:01:34,511 - INFO - Stats - Requests: 2, Success Rate: 100.0%, Active Connections: 1, Uptime: 3:07:02.060207
2025-08-10 19:02:34,512 - INFO - Stats - Requests: 2, Success Rate: 100.0%, Active Connections: 1, Uptime: 3:08:02.061202
2025-08-10 19:03:34,513 - INFO - Stats - Requests: 2, Success Rate: 100.0%, Active Connections: 1, Uptime: 3:09:02.062455
2025-08-10 19:04:34,514 - INFO - Stats - Requests: 2, Success Rate: 100.0%, Active Connections: 1, Uptime: 3:10:02.063194
2025-08-10 19:05:34,515 - INFO - Stats - Requests: 2, Success Rate: 100.0%, Active Connections: 1, Uptime: 3:11:02.064067
2025-08-10 19:06:34,516 - INFO - Stats - Requests: 2, Success Rate: 100.0%, Active Connections: 1, Uptime: 3:12:02.064922
2025-08-10 19:07:34,516 - INFO - Stats - Requests: 2, Success Rate: 100.0%, Active Connections: 1, Uptime: 3:13:02.065509
2025-08-10 19:08:34,517 - INFO - Stats - Requests: 2, Success Rate: 100.0%, Active Connections: 1, Uptime: 3:14:02.066031
2025-08-10 19:09:34,518 - INFO - Stats - Requests: 2, Success Rate: 100.0%, Active Connections: 1, Uptime: 3:15:02.066882
2025-08-10 19:10:34,519 - INFO - Stats - Requests: 2, Success Rate: 100.0%, Active Connections: 1, Uptime: 3:16:02.067766
2025-08-10 19:11:34,520 - INFO - Stats - Requests: 2, Success Rate: 100.0%, Active Connections: 1, Uptime: 3:17:02.068718
2025-08-10 19:12:34,520 - INFO - Stats - Requests: 2, Success Rate: 100.0%, Active Connections: 1, Uptime: 3:18:02.069561
2025-08-10 19:13:34,521 - INFO - Stats - Requests: 2, Success Rate: 100.0%, Active Connections: 1, Uptime: 3:19:02.070116
2025-08-10 19:14:34,522 - INFO - Stats - Requests: 2, Success Rate: 100.0%, Active Connections: 1, Uptime: 3:20:02.070698
2025-08-10 19:15:34,522 - INFO - Stats - Requests: 2, Success Rate: 100.0%, Active Connections: 1, Uptime: 3:21:02.071537
2025-08-10 19:16:34,523 - INFO - Stats - Requests: 2, Success Rate: 100.0%, Active Connections: 1, Uptime: 3:22:02.072518
2025-08-10 19:17:34,524 - INFO - Stats - Requests: 2, Success Rate: 100.0%, Active Connections: 1, Uptime: 3:23:02.073362
2025-08-10 19:18:34,525 - INFO - Stats - Requests: 2, Success Rate: 100.0%, Active Connections: 1, Uptime: 3:24:02.074121
2025-08-10 19:19:34,526 - INFO - Stats - Requests: 2, Success Rate: 100.0%, Active Connections: 1, Uptime: 3:25:02.075251
2025-08-10 19:20:34,527 - INFO - Stats - Requests: 2, Success Rate: 100.0%, Active Connections: 1, Uptime: 3:26:02.076348
2025-08-10 19:21:34,528 - INFO - Stats - Requests: 2, Success Rate: 100.0%, Active Connections: 1, Uptime: 3:27:02.077062
2025-08-10 19:22:34,529 - INFO - Stats - Requests: 2, Success Rate: 100.0%, Active Connections: 1, Uptime: 3:28:02.077729
2025-08-10 19:23:34,530 - INFO - Stats - Requests: 2, Success Rate: 100.0%, Active Connections: 1, Uptime: 3:29:02.078648
2025-08-10 19:24:34,530 - INFO - Stats - Requests: 2, Success Rate: 100.0%, Active Connections: 1, Uptime: 3:30:02.079173
2025-08-10 19:25:34,531 - INFO - Stats - Requests: 2, Success Rate: 100.0%, Active Connections: 1, Uptime: 3:31:02.080417
2025-08-10 19:26:34,532 - INFO - Stats - Requests: 2, Success Rate: 100.0%, Active Connections: 1, Uptime: 3:32:02.081182
2025-08-10 19:27:34,533 - INFO - Stats - Requests: 2, Success Rate: 100.0%, Active Connections: 1, Uptime: 3:33:02.082297
2025-08-10 19:28:34,534 - INFO - Stats - Requests: 2, Success Rate: 100.0%, Active Connections: 1, Uptime: 3:34:02.083426
2025-08-10 19:29:34,535 - INFO - Stats - Requests: 2, Success Rate: 100.0%, Active Connections: 1, Uptime: 3:35:02.084183
2025-08-10 19:30:34,536 - INFO - Stats - Requests: 2, Success Rate: 100.0%, Active Connections: 1, Uptime: 3:36:02.085332
2025-08-10 19:31:34,537 - INFO - Stats - Requests: 2, Success Rate: 100.0%, Active Connections: 1, Uptime: 3:37:02.086580
2025-08-10 19:32:34,538 - INFO - Stats - Requests: 2, Success Rate: 100.0%, Active Connections: 1, Uptime: 3:38:02.087457
2025-08-10 19:33:34,539 - INFO - Stats - Requests: 2, Success Rate: 100.0%, Active Connections: 1, Uptime: 3:39:02.088246
2025-08-10 19:34:34,540 - INFO - Stats - Requests: 2, Success Rate: 100.0%, Active Connections: 1, Uptime: 3:40:02.089312
2025-08-10 19:35:34,541 - INFO - Stats - Requests: 2, Success Rate: 100.0%, Active Connections: 1, Uptime: 3:41:02.089800
2025-08-10 19:36:34,542 - INFO - Stats - Requests: 2, Success Rate: 100.0%, Active Connections: 1, Uptime: 3:42:02.090725
2025-08-10 19:37:34,543 - INFO - Stats - Requests: 2, Success Rate: 100.0%, Active Connections: 1, Uptime: 3:43:02.091912
2025-08-10 19:38:34,544 - INFO - Stats - Requests: 2, Success Rate: 100.0%, Active Connections: 1, Uptime: 3:44:02.093245
2025-08-10 19:39:34,545 - INFO - Stats - Requests: 2, Success Rate: 100.0%, Active Connections: 1, Uptime: 3:45:02.094086
2025-08-10 19:40:34,546 - INFO - Stats - Requests: 2, Success Rate: 100.0%, Active Connections: 1, Uptime: 3:46:02.095045
2025-08-10 19:41:34,547 - INFO - Stats - Requests: 2, Success Rate: 100.0%, Active Connections: 1, Uptime: 3:47:02.096048
2025-08-10 19:42:34,548 - INFO - Stats - Requests: 2, Success Rate: 100.0%, Active Connections: 1, Uptime: 3:48:02.097128
2025-08-10 19:43:34,549 - INFO - Stats - Requests: 2, Success Rate: 100.0%, Active Connections: 1, Uptime: 3:49:02.097828
2025-08-10 19:44:34,549 - INFO - Stats - Requests: 2, Success Rate: 100.0%, Active Connections: 1, Uptime: 3:50:02.098446
2025-08-10 19:45:34,550 - INFO - Stats - Requests: 2, Success Rate: 100.0%, Active Connections: 1, Uptime: 3:51:02.099108
2025-08-10 19:46:34,551 - INFO - Stats - Requests: 2, Success Rate: 100.0%, Active Connections: 1, Uptime: 3:52:02.100031
2025-08-10 19:47:34,552 - INFO - Stats - Requests: 2, Success Rate: 100.0%, Active Connections: 1, Uptime: 3:53:02.100847
2025-08-10 19:48:34,553 - INFO - Stats - Requests: 2, Success Rate: 100.0%, Active Connections: 1, Uptime: 3:54:02.101930
2025-08-10 19:49:34,554 - INFO - Stats - Requests: 2, Success Rate: 100.0%, Active Connections: 1, Uptime: 3:55:02.102775
2025-08-10 19:50:34,555 - INFO - Stats - Requests: 2, Success Rate: 100.0%, Active Connections: 1, Uptime: 3:56:02.103601
2025-08-10 19:51:34,555 - INFO - Stats - Requests: 2, Success Rate: 100.0%, Active Connections: 1, Uptime: 3:57:02.104448
2025-08-10 19:52:34,556 - INFO - Stats - Requests: 2, Success Rate: 100.0%, Active Connections: 1, Uptime: 3:58:02.105237
2025-08-10 19:53:34,557 - INFO - Stats - Requests: 2, Success Rate: 100.0%, Active Connections: 1, Uptime: 3:59:02.105800
2025-08-10 19:54:34,558 - INFO - Stats - Requests: 2, Success Rate: 100.0%, Active Connections: 1, Uptime: 4:00:02.106771
2025-08-10 19:55:34,558 - INFO - Stats - Requests: 2, Success Rate: 100.0%, Active Connections: 1, Uptime: 4:01:02.107511
2025-08-10 19:56:34,560 - INFO - Stats - Requests: 2, Success Rate: 100.0%, Active Connections: 1, Uptime: 4:02:02.109109
2025-08-10 19:57:34,561 - INFO - Stats - Requests: 2, Success Rate: 100.0%, Active Connections: 1, Uptime: 4:03:02.109715
2025-08-10 19:58:34,561 - INFO - Stats - Requests: 2, Success Rate: 100.0%, Active Connections: 1, Uptime: 4:04:02.110297
2025-08-10 19:59:34,562 - INFO - Stats - Requests: 2, Success Rate: 100.0%, Active Connections: 1, Uptime: 4:05:02.110997
2025-08-10 20:00:34,563 - INFO - Stats - Requests: 2, Success Rate: 100.0%, Active Connections: 1, Uptime: 4:06:02.111968
2025-08-10 20:01:34,563 - INFO - Stats - Requests: 2, Success Rate: 100.0%, Active Connections: 1, Uptime: 4:07:02.112455
2025-08-10 20:02:34,564 - INFO - Stats - Requests: 2, Success Rate: 100.0%, Active Connections: 1, Uptime: 4:08:02.113172
2025-08-10 20:03:34,565 - INFO - Stats - Requests: 2, Success Rate: 100.0%, Active Connections: 1, Uptime: 4:09:02.114130
2025-08-10 20:04:34,566 - INFO - Stats - Requests: 2, Success Rate: 100.0%, Active Connections: 1, Uptime: 4:10:02.114609
2025-08-10 20:05:34,566 - INFO - Stats - Requests: 2, Success Rate: 100.0%, Active Connections: 1, Uptime: 4:11:02.115137
2025-08-10 20:06:34,567 - INFO - Stats - Requests: 2, Success Rate: 100.0%, Active Connections: 1, Uptime: 4:12:02.115670
2025-08-10 20:07:34,567 - INFO - Stats - Requests: 2, Success Rate: 100.0%, Active Connections: 1, Uptime: 4:13:02.116595
2025-08-10 20:08:34,568 - INFO - Stats - Requests: 2, Success Rate: 100.0%, Active Connections: 1, Uptime: 4:14:02.117237
2025-08-10 20:09:34,569 - INFO - Stats - Requests: 2, Success Rate: 100.0%, Active Connections: 1, Uptime: 4:15:02.117670
2025-08-10 20:10:34,569 - INFO - Stats - Requests: 2, Success Rate: 100.0%, Active Connections: 1, Uptime: 4:16:02.118259
2025-08-10 20:11:34,570 - INFO - Stats - Requests: 2, Success Rate: 100.0%, Active Connections: 1, Uptime: 4:17:02.119084
2025-08-10 20:12:34,570 - INFO - Stats - Requests: 2, Success Rate: 100.0%, Active Connections: 1, Uptime: 4:18:02.119575
2025-08-10 20:13:34,571 - INFO - Stats - Requests: 2, Success Rate: 100.0%, Active Connections: 1, Uptime: 4:19:02.120062
2025-08-10 20:14:34,571 - INFO - Stats - Requests: 2, Success Rate: 100.0%, Active Connections: 1, Uptime: 4:20:02.120528
2025-08-10 20:15:34,572 - INFO - Stats - Requests: 2, Success Rate: 100.0%, Active Connections: 1, Uptime: 4:21:02.121024
2025-08-10 20:16:34,572 - INFO - Stats - Requests: 2, Success Rate: 100.0%, Active Connections: 1, Uptime: 4:22:02.121413
2025-08-10 20:17:34,573 - INFO - Stats - Requests: 2, Success Rate: 100.0%, Active Connections: 1, Uptime: 4:23:02.122200
2025-08-10 20:18:34,574 - INFO - Stats - Requests: 2, Success Rate: 100.0%, Active Connections: 1, Uptime: 4:24:02.122997
2025-08-10 20:19:34,575 - INFO - Stats - Requests: 2, Success Rate: 100.0%, Active Connections: 1, Uptime: 4:25:02.124020
2025-08-10 20:20:34,576 - INFO - Stats - Requests: 2, Success Rate: 100.0%, Active Connections: 1, Uptime: 4:26:02.124767
2025-08-10 20:21:34,577 - INFO - Stats - Requests: 2, Success Rate: 100.0%, Active Connections: 1, Uptime: 4:27:02.125789
2025-08-10 20:22:34,578 - INFO - Stats - Requests: 2, Success Rate: 100.0%, Active Connections: 1, Uptime: 4:28:02.126617
2025-08-10 20:23:34,586 - INFO - Stats - Requests: 2, Success Rate: 100.0%, Active Connections: 1, Uptime: 4:29:02.134833
2025-08-10 20:24:34,587 - INFO - Stats - Requests: 2, Success Rate: 100.0%, Active Connections: 1, Uptime: 4:30:02.135605
2025-08-10 20:25:34,587 - INFO - Stats - Requests: 2, Success Rate: 100.0%, Active Connections: 1, Uptime: 4:31:02.136109
2025-08-10 20:26:34,588 - INFO - Stats - Requests: 2, Success Rate: 100.0%, Active Connections: 1, Uptime: 4:32:02.137005
2025-08-10 20:27:34,589 - INFO - Stats - Requests: 2, Success Rate: 100.0%, Active Connections: 1, Uptime: 4:33:02.137886
2025-08-10 20:28:34,589 - INFO - Stats - Requests: 2, Success Rate: 100.0%, Active Connections: 1, Uptime: 4:34:02.138382
2025-08-10 20:29:34,590 - INFO - Stats - Requests: 2, Success Rate: 100.0%, Active Connections: 1, Uptime: 4:35:02.139269
2025-08-10 20:30:34,591 - INFO - Stats - Requests: 2, Success Rate: 100.0%, Active Connections: 1, Uptime: 4:36:02.140526
2025-08-10 20:31:34,593 - INFO - Stats - Requests: 2, Success Rate: 100.0%, Active Connections: 1, Uptime: 4:37:02.142097
2025-08-10 20:32:34,594 - INFO - Stats - Requests: 2, Success Rate: 100.0%, Active Connections: 1, Uptime: 4:38:02.143013
2025-08-10 20:33:34,594 - INFO - Stats - Requests: 2, Success Rate: 100.0%, Active Connections: 1, Uptime: 4:39:02.143598
2025-08-10 20:34:34,595 - INFO - Stats - Requests: 2, Success Rate: 100.0%, Active Connections: 1, Uptime: 4:40:02.144344
2025-08-10 20:35:34,596 - INFO - Stats - Requests: 2, Success Rate: 100.0%, Active Connections: 1, Uptime: 4:41:02.144974
2025-08-10 20:36:34,597 - INFO - Stats - Requests: 2, Success Rate: 100.0%, Active Connections: 1, Uptime: 4:42:02.145651
2025-08-10 20:37:34,597 - INFO - Stats - Requests: 2, Success Rate: 100.0%, Active Connections: 1, Uptime: 4:43:02.146454
2025-08-10 20:38:34,599 - INFO - Stats - Requests: 2, Success Rate: 100.0%, Active Connections: 1, Uptime: 4:44:02.147483
2025-08-10 20:39:34,600 - INFO - Stats - Requests: 2, Success Rate: 100.0%, Active Connections: 1, Uptime: 4:45:02.148638
2025-08-10 20:40:34,600 - INFO - Stats - Requests: 2, Success Rate: 100.0%, Active Connections: 1, Uptime: 4:46:02.149566
2025-08-10 20:41:34,601 - INFO - Stats - Requests: 2, Success Rate: 100.0%, Active Connections: 1, Uptime: 4:47:02.150233
2025-08-10 20:42:34,602 - INFO - Stats - Requests: 2, Success Rate: 100.0%, Active Connections: 1, Uptime: 4:48:02.150719
2025-08-10 20:43:34,602 - INFO - Stats - Requests: 2, Success Rate: 100.0%, Active Connections: 1, Uptime: 4:49:02.151212
2025-08-10 20:44:34,603 - INFO - Stats - Requests: 2, Success Rate: 100.0%, Active Connections: 1, Uptime: 4:50:02.151932
2025-08-10 20:45:34,603 - INFO - Stats - Requests: 2, Success Rate: 100.0%, Active Connections: 1, Uptime: 4:51:02.152453
2025-08-10 20:46:34,604 - INFO - Stats - Requests: 2, Success Rate: 100.0%, Active Connections: 1, Uptime: 4:52:02.153219
2025-08-10 20:47:34,605 - INFO - Stats - Requests: 2, Success Rate: 100.0%, Active Connections: 1, Uptime: 4:53:02.154563
2025-08-10 20:48:34,606 - INFO - Stats - Requests: 2, Success Rate: 100.0%, Active Connections: 1, Uptime: 4:54:02.155363
2025-08-10 20:49:34,607 - INFO - Stats - Requests: 2, Success Rate: 100.0%, Active Connections: 1, Uptime: 4:55:02.156510
2025-08-10 20:50:34,608 - INFO - Stats - Requests: 2, Success Rate: 100.0%, Active Connections: 1, Uptime: 4:56:02.157284
2025-08-10 20:51:34,609 - INFO - Stats - Requests: 2, Success Rate: 100.0%, Active Connections: 1, Uptime: 4:57:02.158036
2025-08-10 20:52:34,610 - INFO - Stats - Requests: 2, Success Rate: 100.0%, Active Connections: 1, Uptime: 4:58:02.158668
2025-08-10 20:53:34,611 - INFO - Stats - Requests: 2, Success Rate: 100.0%, Active Connections: 1, Uptime: 4:59:02.159745
2025-08-10 20:54:34,612 - INFO - Stats - Requests: 2, Success Rate: 100.0%, Active Connections: 1, Uptime: 5:00:02.161381
2025-08-10 20:55:34,613 - INFO - Stats - Requests: 2, Success Rate: 100.0%, Active Connections: 1, Uptime: 5:01:02.162489
2025-08-10 20:56:34,614 - INFO - Stats - Requests: 2, Success Rate: 100.0%, Active Connections: 1, Uptime: 5:02:02.163393
2025-08-10 20:57:34,616 - INFO - Stats - Requests: 2, Success Rate: 100.0%, Active Connections: 1, Uptime: 5:03:02.164595
2025-08-10 20:58:34,617 - INFO - Stats - Requests: 2, Success Rate: 100.0%, Active Connections: 1, Uptime: 5:04:02.165644
2025-08-10 20:59:34,617 - INFO - Stats - Requests: 2, Success Rate: 100.0%, Active Connections: 1, Uptime: 5:05:02.166445
2025-08-10 21:00:34,618 - INFO - Stats - Requests: 2, Success Rate: 100.0%, Active Connections: 1, Uptime: 5:06:02.167194
2025-08-10 21:01:34,619 - INFO - Stats - Requests: 2, Success Rate: 100.0%, Active Connections: 1, Uptime: 5:07:02.168200
2025-08-10 21:02:34,620 - INFO - Stats - Requests: 2, Success Rate: 100.0%, Active Connections: 1, Uptime: 5:08:02.168709
2025-08-10 21:03:34,621 - INFO - Stats - Requests: 2, Success Rate: 100.0%, Active Connections: 1, Uptime: 5:09:02.169700
2025-08-10 21:04:34,621 - INFO - Stats - Requests: 2, Success Rate: 100.0%, Active Connections: 1, Uptime: 5:10:02.170307
2025-08-10 21:05:34,622 - INFO - Stats - Requests: 2, Success Rate: 100.0%, Active Connections: 1, Uptime: 5:11:02.171278
2025-08-10 21:06:34,623 - INFO - Stats - Requests: 2, Success Rate: 100.0%, Active Connections: 1, Uptime: 5:12:02.172137
2025-08-10 21:07:34,623 - INFO - Stats - Requests: 2, Success Rate: 100.0%, Active Connections: 1, Uptime: 5:13:02.172588
2025-08-10 21:08:34,624 - INFO - Stats - Requests: 2, Success Rate: 100.0%, Active Connections: 1, Uptime: 5:14:02.173493
2025-08-10 21:09:34,625 - INFO - Stats - Requests: 2, Success Rate: 100.0%, Active Connections: 1, Uptime: 5:15:02.174067
2025-08-10 21:10:34,626 - INFO - Stats - Requests: 2, Success Rate: 100.0%, Active Connections: 1, Uptime: 5:16:02.175190
2025-08-10 21:11:34,627 - INFO - Stats - Requests: 2, Success Rate: 100.0%, Active Connections: 1, Uptime: 5:17:02.176116
2025-08-10 21:12:34,628 - INFO - Stats - Requests: 2, Success Rate: 100.0%, Active Connections: 1, Uptime: 5:18:02.177196
2025-08-10 21:13:34,629 - INFO - Stats - Requests: 2, Success Rate: 100.0%, Active Connections: 1, Uptime: 5:19:02.178133
2025-08-10 21:14:34,630 - INFO - Stats - Requests: 2, Success Rate: 100.0%, Active Connections: 1, Uptime: 5:20:02.179211
2025-08-10 21:15:34,631 - INFO - Stats - Requests: 2, Success Rate: 100.0%, Active Connections: 1, Uptime: 5:21:02.180058
2025-08-10 21:16:34,632 - INFO - Stats - Requests: 2, Success Rate: 100.0%, Active Connections: 1, Uptime: 5:22:02.180973
2025-08-10 21:17:34,633 - INFO - Stats - Requests: 2, Success Rate: 100.0%, Active Connections: 1, Uptime: 5:23:02.181703
2025-08-10 21:18:34,633 - INFO - Stats - Requests: 2, Success Rate: 100.0%, Active Connections: 1, Uptime: 5:24:02.182589
2025-08-10 21:19:34,634 - INFO - Stats - Requests: 2, Success Rate: 100.0%, Active Connections: 1, Uptime: 5:25:02.183357
2025-08-10 21:20:34,635 - INFO - Stats - Requests: 2, Success Rate: 100.0%, Active Connections: 1, Uptime: 5:26:02.184004
2025-08-10 21:21:34,636 - INFO - Stats - Requests: 2, Success Rate: 100.0%, Active Connections: 1, Uptime: 5:27:02.184608
2025-08-10 21:22:34,636 - INFO - Stats - Requests: 2, Success Rate: 100.0%, Active Connections: 1, Uptime: 5:28:02.185441
2025-08-10 21:23:34,637 - INFO - Stats - Requests: 2, Success Rate: 100.0%, Active Connections: 1, Uptime: 5:29:02.186211
2025-08-10 21:24:34,638 - INFO - Stats - Requests: 2, Success Rate: 100.0%, Active Connections: 1, Uptime: 5:30:02.186882
2025-08-10 21:25:34,638 - INFO - Stats - Requests: 2, Success Rate: 100.0%, Active Connections: 1, Uptime: 5:31:02.187526
2025-08-10 21:26:34,639 - INFO - Stats - Requests: 2, Success Rate: 100.0%, Active Connections: 1, Uptime: 5:32:02.188396
2025-08-10 21:27:34,640 - INFO - Stats - Requests: 2, Success Rate: 100.0%, Active Connections: 1, Uptime: 5:33:02.189162
2025-08-10 21:28:34,641 - INFO - Stats - Requests: 2, Success Rate: 100.0%, Active Connections: 1, Uptime: 5:34:02.190101
2025-08-10 21:29:34,642 - INFO - Stats - Requests: 2, Success Rate: 100.0%, Active Connections: 1, Uptime: 5:35:02.191108
2025-08-10 21:30:34,643 - INFO - Stats - Requests: 2, Success Rate: 100.0%, Active Connections: 1, Uptime: 5:36:02.192032
2025-08-10 21:31:34,644 - INFO - Stats - Requests: 2, Success Rate: 100.0%, Active Connections: 1, Uptime: 5:37:02.193402
2025-08-10 21:32:34,645 - INFO - Stats - Requests: 2, Success Rate: 100.0%, Active Connections: 1, Uptime: 5:38:02.194164
2025-08-10 21:33:34,646 - INFO - Stats - Requests: 2, Success Rate: 100.0%, Active Connections: 1, Uptime: 5:39:02.195324
2025-08-10 21:34:34,647 - INFO - Stats - Requests: 2, Success Rate: 100.0%, Active Connections: 1, Uptime: 5:40:02.196041
2025-08-10 21:35:34,648 - INFO - Stats - Requests: 2, Success Rate: 100.0%, Active Connections: 1, Uptime: 5:41:02.197121
2025-08-10 21:36:34,649 - INFO - Stats - Requests: 2, Success Rate: 100.0%, Active Connections: 1, Uptime: 5:42:02.197836
2025-08-10 21:37:34,650 - INFO - Stats - Requests: 2, Success Rate: 100.0%, Active Connections: 1, Uptime: 5:43:02.198979
2025-08-10 21:38:34,651 - INFO - Stats - Requests: 2, Success Rate: 100.0%, Active Connections: 1, Uptime: 5:44:02.200543
2025-08-10 21:39:34,652 - INFO - Stats - Requests: 2, Success Rate: 100.0%, Active Connections: 1, Uptime: 5:45:02.201534
2025-08-10 21:40:34,653 - INFO - Stats - Requests: 2, Success Rate: 100.0%, Active Connections: 1, Uptime: 5:46:02.202557
2025-08-10 21:41:34,654 - INFO - Stats - Requests: 2, Success Rate: 100.0%, Active Connections: 1, Uptime: 5:47:02.203475
2025-08-10 21:42:34,656 - INFO - Stats - Requests: 2, Success Rate: 100.0%, Active Connections: 1, Uptime: 5:48:02.204687
2025-08-10 21:43:34,657 - INFO - Stats - Requests: 2, Success Rate: 100.0%, Active Connections: 1, Uptime: 5:49:02.205601
2025-08-10 21:44:34,657 - INFO - Stats - Requests: 2, Success Rate: 100.0%, Active Connections: 1, Uptime: 5:50:02.206233
2025-08-10 21:45:34,658 - INFO - Stats - Requests: 2, Success Rate: 100.0%, Active Connections: 1, Uptime: 5:51:02.207196
2025-08-10 21:46:34,659 - INFO - Stats - Requests: 2, Success Rate: 100.0%, Active Connections: 1, Uptime: 5:52:02.208295
2025-08-10 21:47:34,660 - INFO - Stats - Requests: 2, Success Rate: 100.0%, Active Connections: 1, Uptime: 5:53:02.209042
2025-08-10 21:48:34,661 - INFO - Stats - Requests: 2, Success Rate: 100.0%, Active Connections: 1, Uptime: 5:54:02.209900
2025-08-10 21:49:34,661 - INFO - Stats - Requests: 2, Success Rate: 100.0%, Active Connections: 1, Uptime: 5:55:02.210455
2025-08-10 21:50:34,663 - INFO - Stats - Requests: 2, Success Rate: 100.0%, Active Connections: 1, Uptime: 5:56:02.211664
2025-08-10 21:51:34,664 - INFO - Stats - Requests: 2, Success Rate: 100.0%, Active Connections: 1, Uptime: 5:57:02.212630
2025-08-10 21:52:34,665 - INFO - Stats - Requests: 2, Success Rate: 100.0%, Active Connections: 1, Uptime: 5:58:02.213841
2025-08-10 21:53:34,666 - INFO - Stats - Requests: 2, Success Rate: 100.0%, Active Connections: 1, Uptime: 5:59:02.215401
2025-08-10 21:54:34,667 - INFO - Stats - Requests: 2, Success Rate: 100.0%, Active Connections: 1, Uptime: 6:00:02.216156
2025-08-10 21:55:34,668 - INFO - Stats - Requests: 2, Success Rate: 100.0%, Active Connections: 1, Uptime: 6:01:02.217439
2025-08-10 21:56:34,669 - INFO - Stats - Requests: 2, Success Rate: 100.0%, Active Connections: 1, Uptime: 6:02:02.218431
2025-08-10 21:57:34,671 - INFO - Stats - Requests: 2, Success Rate: 100.0%, Active Connections: 1, Uptime: 6:03:02.219630
2025-08-10 21:58:34,672 - INFO - Stats - Requests: 2, Success Rate: 100.0%, Active Connections: 1, Uptime: 6:04:02.220816
2025-08-10 21:59:34,673 - INFO - Stats - Requests: 2, Success Rate: 100.0%, Active Connections: 1, Uptime: 6:05:02.222070
2025-08-10 22:00:34,674 - INFO - Stats - Requests: 2, Success Rate: 100.0%, Active Connections: 1, Uptime: 6:06:02.222777
2025-08-10 22:01:34,674 - INFO - Stats - Requests: 2, Success Rate: 100.0%, Active Connections: 1, Uptime: 6:07:02.223577
2025-08-10 22:02:34,675 - INFO - Stats - Requests: 2, Success Rate: 100.0%, Active Connections: 1, Uptime: 6:08:02.224479
2025-08-10 22:03:34,676 - INFO - Stats - Requests: 2, Success Rate: 100.0%, Active Connections: 1, Uptime: 6:09:02.225266
2025-08-10 22:04:34,677 - INFO - Stats - Requests: 2, Success Rate: 100.0%, Active Connections: 1, Uptime: 6:10:02.225971
2025-08-10 22:05:34,678 - INFO - Stats - Requests: 2, Success Rate: 100.0%, Active Connections: 1, Uptime: 6:11:02.226788
2025-08-10 22:06:34,679 - INFO - Stats - Requests: 2, Success Rate: 100.0%, Active Connections: 1, Uptime: 6:12:02.227609
2025-08-10 22:07:34,680 - INFO - Stats - Requests: 2, Success Rate: 100.0%, Active Connections: 1, Uptime: 6:13:02.228606
2025-08-10 22:08:34,680 - INFO - Stats - Requests: 2, Success Rate: 100.0%, Active Connections: 1, Uptime: 6:14:02.229014
2025-08-10 22:09:34,681 - INFO - Stats - Requests: 2, Success Rate: 100.0%, Active Connections: 1, Uptime: 6:15:02.229868
2025-08-10 22:10:34,682 - INFO - Stats - Requests: 2, Success Rate: 100.0%, Active Connections: 1, Uptime: 6:16:02.230737
2025-08-10 22:11:34,683 - INFO - Stats - Requests: 2, Success Rate: 100.0%, Active Connections: 1, Uptime: 6:17:02.231766
2025-08-10 22:12:34,684 - INFO - Stats - Requests: 2, Success Rate: 100.0%, Active Connections: 1, Uptime: 6:18:02.232875
2025-08-10 22:13:34,685 - INFO - Stats - Requests: 2, Success Rate: 100.0%, Active Connections: 1, Uptime: 6:19:02.234279
2025-08-10 22:14:34,686 - INFO - Stats - Requests: 2, Success Rate: 100.0%, Active Connections: 1, Uptime: 6:20:02.235008
2025-08-10 22:15:34,687 - INFO - Stats - Requests: 2, Success Rate: 100.0%, Active Connections: 1, Uptime: 6:21:02.235754
2025-08-10 22:16:34,687 - INFO - Stats - Requests: 2, Success Rate: 100.0%, Active Connections: 1, Uptime: 6:22:02.236497
2025-08-10 22:17:34,688 - INFO - Stats - Requests: 2, Success Rate: 100.0%, Active Connections: 1, Uptime: 6:23:02.237506
2025-08-10 22:18:34,689 - INFO - Stats - Requests: 2, Success Rate: 100.0%, Active Connections: 1, Uptime: 6:24:02.238285
2025-08-10 22:19:34,690 - INFO - Stats - Requests: 2, Success Rate: 100.0%, Active Connections: 1, Uptime: 6:25:02.239014
2025-08-10 22:20:34,691 - INFO - Stats - Requests: 2, Success Rate: 100.0%, Active Connections: 1, Uptime: 6:26:02.239696
2025-08-10 22:21:34,691 - INFO - Stats - Requests: 2, Success Rate: 100.0%, Active Connections: 1, Uptime: 6:27:02.240393
2025-08-10 22:22:34,692 - INFO - Stats - Requests: 2, Success Rate: 100.0%, Active Connections: 1, Uptime: 6:28:02.241134
2025-08-10 22:23:34,693 - INFO - Stats - Requests: 2, Success Rate: 100.0%, Active Connections: 1, Uptime: 6:29:02.241970
2025-08-10 22:24:34,693 - INFO - Stats - Requests: 2, Success Rate: 100.0%, Active Connections: 1, Uptime: 6:30:02.242441
2025-08-10 22:25:34,694 - INFO - Stats - Requests: 2, Success Rate: 100.0%, Active Connections: 1, Uptime: 6:31:02.243346
2025-08-10 22:26:34,695 - INFO - Stats - Requests: 2, Success Rate: 100.0%, Active Connections: 1, Uptime: 6:32:02.244275
2025-08-10 22:27:34,696 - INFO - Stats - Requests: 2, Success Rate: 100.0%, Active Connections: 1, Uptime: 6:33:02.244942
2025-08-10 22:28:34,697 - INFO - Stats - Requests: 2, Success Rate: 100.0%, Active Connections: 1, Uptime: 6:34:02.245747
2025-08-10 22:29:34,698 - INFO - Stats - Requests: 2, Success Rate: 100.0%, Active Connections: 1, Uptime: 6:35:02.246637
2025-08-10 22:30:34,698 - INFO - Stats - Requests: 2, Success Rate: 100.0%, Active Connections: 1, Uptime: 6:36:02.247339
2025-08-10 22:31:34,699 - INFO - Stats - Requests: 2, Success Rate: 100.0%, Active Connections: 1, Uptime: 6:37:02.247893
2025-08-10 22:32:34,699 - INFO - Stats - Requests: 2, Success Rate: 100.0%, Active Connections: 1, Uptime: 6:38:02.248593
2025-08-10 22:33:34,701 - INFO - Stats - Requests: 2, Success Rate: 100.0%, Active Connections: 1, Uptime: 6:39:02.249914
2025-08-10 22:34:34,702 - INFO - Stats - Requests: 2, Success Rate: 100.0%, Active Connections: 1, Uptime: 6:40:02.251085
2025-08-10 22:35:34,703 - INFO - Stats - Requests: 2, Success Rate: 100.0%, Active Connections: 1, Uptime: 6:41:02.251803
2025-08-10 22:36:34,703 - INFO - Stats - Requests: 2, Success Rate: 100.0%, Active Connections: 1, Uptime: 6:42:02.252503
2025-08-10 22:37:34,704 - INFO - Stats - Requests: 2, Success Rate: 100.0%, Active Connections: 1, Uptime: 6:43:02.253084
2025-08-10 22:38:34,705 - INFO - Stats - Requests: 2, Success Rate: 100.0%, Active Connections: 1, Uptime: 6:44:02.254029
2025-08-10 22:39:34,706 - INFO - Stats - Requests: 2, Success Rate: 100.0%, Active Connections: 1, Uptime: 6:45:02.254921
2025-08-10 22:40:34,707 - INFO - Stats - Requests: 2, Success Rate: 100.0%, Active Connections: 1, Uptime: 6:46:02.256154
2025-08-10 22:41:34,708 - INFO - Stats - Requests: 2, Success Rate: 100.0%, Active Connections: 1, Uptime: 6:47:02.256946
2025-08-10 22:42:34,709 - INFO - Stats - Requests: 2, Success Rate: 100.0%, Active Connections: 1, Uptime: 6:48:02.257852
2025-08-10 22:43:34,710 - INFO - Stats - Requests: 2, Success Rate: 100.0%, Active Connections: 1, Uptime: 6:49:02.258915
2025-08-10 22:44:34,711 - INFO - Stats - Requests: 2, Success Rate: 100.0%, Active Connections: 1, Uptime: 6:50:02.259708
2025-08-10 22:45:34,712 - INFO - Stats - Requests: 2, Success Rate: 100.0%, Active Connections: 1, Uptime: 6:51:02.260713
2025-08-10 22:46:34,713 - INFO - Stats - Requests: 2, Success Rate: 100.0%, Active Connections: 1, Uptime: 6:52:02.261695
2025-08-10 22:47:34,714 - INFO - Stats - Requests: 2, Success Rate: 100.0%, Active Connections: 1, Uptime: 6:53:02.262693
2025-08-10 22:48:34,715 - INFO - Stats - Requests: 2, Success Rate: 100.0%, Active Connections: 1, Uptime: 6:54:02.263679
2025-08-10 22:49:34,715 - INFO - Stats - Requests: 2, Success Rate: 100.0%, Active Connections: 1, Uptime: 6:55:02.264500
2025-08-10 22:50:34,716 - INFO - Stats - Requests: 2, Success Rate: 100.0%, Active Connections: 1, Uptime: 6:56:02.265283
2025-08-10 22:51:34,717 - INFO - Stats - Requests: 2, Success Rate: 100.0%, Active Connections: 1, Uptime: 6:57:02.266011
2025-08-10 22:52:34,717 - INFO - Stats - Requests: 2, Success Rate: 100.0%, Active Connections: 1, Uptime: 6:58:02.266467
2025-08-10 22:53:34,719 - INFO - Stats - Requests: 2, Success Rate: 100.0%, Active Connections: 1, Uptime: 6:59:02.267640
2025-08-10 22:54:34,719 - INFO - Stats - Requests: 2, Success Rate: 100.0%, Active Connections: 1, Uptime: 7:00:02.268326
2025-08-10 22:55:34,720 - INFO - Stats - Requests: 2, Success Rate: 100.0%, Active Connections: 1, Uptime: 7:01:02.269290
2025-08-10 22:56:34,721 - INFO - Stats - Requests: 2, Success Rate: 100.0%, Active Connections: 1, Uptime: 7:02:02.270291
2025-08-10 22:57:34,722 - INFO - Stats - Requests: 2, Success Rate: 100.0%, Active Connections: 1, Uptime: 7:03:02.270696
2025-08-10 22:58:34,722 - INFO - Stats - Requests: 2, Success Rate: 100.0%, Active Connections: 1, Uptime: 7:04:02.271470
2025-08-10 22:59:34,723 - INFO - Stats - Requests: 2, Success Rate: 100.0%, Active Connections: 1, Uptime: 7:05:02.272304
2025-08-10 23:00:34,724 - INFO - Stats - Requests: 2, Success Rate: 100.0%, Active Connections: 1, Uptime: 7:06:02.273075
2025-08-10 23:01:34,725 - INFO - Stats - Requests: 2, Success Rate: 100.0%, Active Connections: 1, Uptime: 7:07:02.273900
2025-08-10 23:02:34,726 - INFO - Stats - Requests: 2, Success Rate: 100.0%, Active Connections: 1, Uptime: 7:08:02.274688
2025-08-10 23:03:34,726 - INFO - Stats - Requests: 2, Success Rate: 100.0%, Active Connections: 1, Uptime: 7:09:02.275303
2025-08-10 23:04:34,727 - INFO - Stats - Requests: 2, Success Rate: 100.0%, Active Connections: 1, Uptime: 7:10:02.276344
2025-08-10 23:05:34,728 - INFO - Stats - Requests: 2, Success Rate: 100.0%, Active Connections: 1, Uptime: 7:11:02.277321
2025-08-10 23:06:34,729 - INFO - Stats - Requests: 2, Success Rate: 100.0%, Active Connections: 1, Uptime: 7:12:02.278031
2025-08-10 23:07:34,730 - INFO - Stats - Requests: 2, Success Rate: 100.0%, Active Connections: 1, Uptime: 7:13:02.278817
2025-08-10 23:08:34,730 - INFO - Stats - Requests: 2, Success Rate: 100.0%, Active Connections: 1, Uptime: 7:14:02.279327
2025-08-10 23:09:34,731 - INFO - Stats - Requests: 2, Success Rate: 100.0%, Active Connections: 1, Uptime: 7:15:02.280317
2025-08-10 23:10:34,732 - INFO - Stats - Requests: 2, Success Rate: 100.0%, Active Connections: 1, Uptime: 7:16:02.281188
2025-08-10 23:11:34,733 - INFO - Stats - Requests: 2, Success Rate: 100.0%, Active Connections: 1, Uptime: 7:17:02.282097
2025-08-10 23:12:34,734 - INFO - Stats - Requests: 2, Success Rate: 100.0%, Active Connections: 1, Uptime: 7:18:02.282826
2025-08-13 09:31:27,324 - INFO - Advanced fusion artifact loaded successfully
2025-08-13 09:31:28,221 - INFO - Basic analyzer loaded successfully
2025-08-13 09:31:28,222 - INFO - Phishing Detection Server started on 0.0.0.0:5000
2025-08-13 09:31:28,222 - INFO - Maximum connections: 10
2025-08-13 09:31:51,927 - INFO - Advanced fusion artifact loaded successfully
2025-08-13 09:31:52,597 - INFO - Basic analyzer loaded successfully
2025-08-13 09:31:52,597 - INFO - Phishing Detection Server started on 0.0.0.0:5000
2025-08-13 09:31:52,598 - INFO - Maximum connections: 10
2025-08-13 09:32:18,063 - INFO - New connection from ('127.0.0.1', 62362)
2025-08-13 09:34:28,225 - INFO - Stats - Requests: 1, Success Rate: 100.0%, Active Connections: 1, Uptime: 0:03:00.002853
2025-08-13 09:35:28,226 - INFO - Stats - Requests: 1, Success Rate: 100.0%, Active Connections: 1, Uptime: 0:04:00.003493
2025-08-13 09:36:28,227 - INFO - Stats - Requests: 1, Success Rate: 100.0%, Active Connections: 1, Uptime: 0:05:00.004773
2025-08-13 09:37:28,228 - INFO - Stats - Requests: 1, Success Rate: 100.0%, Active Connections: 1, Uptime: 0:06:00.005509
2025-08-13 09:38:28,229 - INFO - Stats - Requests: 1, Success Rate: 100.0%, Active Connections: 1, Uptime: 0:07:00.006517
2025-08-13 09:39:28,230 - INFO - Stats - Requests: 1, Success Rate: 100.0%, Active Connections: 1, Uptime: 0:08:00.007974
2025-08-13 09:40:28,232 - INFO - Stats - Requests: 1, Success Rate: 100.0%, Active Connections: 1, Uptime: 0:09:00.009637
2025-08-13 09:42:38,772 - INFO - Stats - Requests: 1, Success Rate: 100.0%, Active Connections: 1, Uptime: 0:11:10.549117
2025-08-13 09:43:38,772 - INFO - Stats - Requests: 1, Success Rate: 100.0%, Active Connections: 1, Uptime: 0:12:10.549719
2025-08-13 09:44:38,773 - INFO - Stats - Requests: 1, Success Rate: 100.0%, Active Connections: 1, Uptime: 0:13:10.550228
2025-08-13 09:45:38,773 - INFO - Stats - Requests: 1, Success Rate: 100.0%, Active Connections: 1, Uptime: 0:14:10.550968
2025-08-13 09:46:38,774 - INFO - Stats - Requests: 1, Success Rate: 100.0%, Active Connections: 1, Uptime: 0:15:10.551742
2025-08-13 09:47:38,775 - INFO - Stats - Requests: 1, Success Rate: 100.0%, Active Connections: 1, Uptime: 0:16:10.552626
2025-08-13 09:48:38,776 - INFO - Stats - Requests: 1, Success Rate: 100.0%, Active Connections: 1, Uptime: 0:17:10.553241
2025-08-13 09:49:38,776 - INFO - Stats - Requests: 1, Success Rate: 100.0%, Active Connections: 1, Uptime: 0:18:10.553620
2025-08-13 10:01:20,160 - INFO - Advanced fusion artifact loaded successfully
2025-08-13 10:01:20,998 - INFO - Basic analyzer loaded successfully
2025-08-13 10:01:20,998 - INFO - Phishing Detection Server started on 0.0.0.0:5000
2025-08-13 10:01:20,999 - INFO - Maximum connections: 10
2025-08-13 10:01:39,250 - INFO - New connection from ('127.0.0.1', 50615)
2025-08-13 10:04:21,000 - INFO - Stats - Requests: 1, Success Rate: 100.0%, Active Connections: 1, Uptime: 0:03:00.002707
2025-08-13 10:05:21,001 - INFO - Stats - Requests: 1, Success Rate: 100.0%, Active Connections: 1, Uptime: 0:04:00.003487
2025-08-13 10:06:21,002 - INFO - Stats - Requests: 1, Success Rate: 100.0%, Active Connections: 1, Uptime: 0:05:00.004742
2025-08-13 10:07:21,004 - INFO - Stats - Requests: 1, Success Rate: 100.0%, Active Connections: 1, Uptime: 0:06:00.006011
2025-08-13 10:08:21,004 - INFO - Stats - Requests: 1, Success Rate: 100.0%, Active Connections: 1, Uptime: 0:07:00.006792
2025-08-13 10:09:21,006 - INFO - Stats - Requests: 1, Success Rate: 100.0%, Active Connections: 1, Uptime: 0:08:00.008358
2025-08-13 10:10:21,007 - INFO - Stats - Requests: 1, Success Rate: 100.0%, Active Connections: 1, Uptime: 0:09:00.009412
2025-08-13 10:11:21,008 - INFO - Stats - Requests: 1, Success Rate: 100.0%, Active Connections: 1, Uptime: 0:10:00.010478
2025-08-13 10:12:21,009 - INFO - Stats - Requests: 1, Success Rate: 100.0%, Active Connections: 1, Uptime: 0:11:00.011152
2025-08-13 10:13:21,010 - INFO - Stats - Requests: 1, Success Rate: 100.0%, Active Connections: 1, Uptime: 0:12:00.012203
2025-08-13 10:14:21,011 - INFO - Stats - Requests: 1, Success Rate: 100.0%, Active Connections: 1, Uptime: 0:13:00.013064
2025-08-13 10:15:21,012 - INFO - Stats - Requests: 1, Success Rate: 100.0%, Active Connections: 1, Uptime: 0:14:00.014019
2025-08-13 10:16:21,013 - INFO - Stats - Requests: 1, Success Rate: 100.0%, Active Connections: 1, Uptime: 0:15:00.014977
2025-08-13 10:17:21,013 - INFO - Stats - Requests: 1, Success Rate: 100.0%, Active Connections: 1, Uptime: 0:16:00.015538
2025-08-13 10:18:21,014 - INFO - Stats - Requests: 1, Success Rate: 100.0%, Active Connections: 1, Uptime: 0:17:00.016329
